This file contains any messages produced by compilers while
running configure, to aid debugging if configure makes a mistake.

It was created by configure, which was
generated by GNU Autoconf 2.65.  Invocation command line was

  $ ./configure 

## --------- ##
## Platform. ##
## --------- ##

hostname = php-dev-64
uname -m = x86_64
uname -r = 2.6.32-55-generic
uname -s = Linux
uname -v = #117-Ubuntu SMP Tue Dec 3 17:31:12 UTC 2013

/usr/bin/uname -p = unknown
/bin/uname -X     = unknown

/bin/arch              = unknown
/usr/bin/arch -k       = unknown
/usr/convex/getsysinfo = unknown
/usr/bin/hostinfo      = unknown
/bin/machine           = unknown
/usr/bin/oslevel       = unknown
/bin/universe          = unknown

PATH: /usr/local/sbin
PATH: /usr/local/bin
PATH: /usr/sbin
PATH: /usr/bin
PATH: /sbin
PATH: /bin
PATH: /usr/games


## ----------- ##
## Core tests. ##
## ----------- ##

configure:2183: checking for grep that handles long lines and -e
configure:2241: result: /bin/grep
configure:2246: checking for egrep
configure:2308: result: /bin/grep -E
configure:2313: checking for a sed that does not truncate output
configure:2377: result: /bin/sed
configure:2511: checking for cc
configure:2527: found /usr/bin/cc
configure:2538: result: cc
configure:2569: checking for C compiler version
configure:2578: cc --version >&5
cc (Ubuntu 4.4.3-4ubuntu5.1) 4.4.3
Copyright (C) 2009 Free Software Foundation, Inc.
This is free software; see the source for copying conditions.  There is NO
warranty; not even for MERCHANTABILITY or FITNESS FOR A PARTICULAR PURPOSE.

configure:2589: $? = 0
configure:2578: cc -v >&5
Using built-in specs.
Target: x86_64-linux-gnu
Configured with: ../src/configure -v --with-pkgversion='Ubuntu 4.4.3-4ubuntu5.1' --with-bugurl=file:///usr/share/doc/gcc-4.4/README.Bugs --enable-languages=c,c++,fortran,objc,obj-c++ --prefix=/usr --enable-shared --enable-multiarch --enable-linker-build-id --with-system-zlib --libexecdir=/usr/lib --without-included-gettext --enable-threads=posix --with-gxx-include-dir=/usr/include/c++/4.4 --program-suffix=-4.4 --enable-nls --enable-clocale=gnu --enable-libstdcxx-debug --enable-plugin --enable-objc-gc --disable-werror --with-arch-32=i486 --with-tune=generic --enable-checking=release --build=x86_64-linux-gnu --host=x86_64-linux-gnu --target=x86_64-linux-gnu
Thread model: posix
gcc version 4.4.3 (Ubuntu 4.4.3-4ubuntu5.1) 
configure:2589: $? = 0
configure:2578: cc -V >&5
cc: '-V' option must have argument
configure:2589: $? = 1
configure:2578: cc -qversion >&5
cc: unrecognized option '-qversion'
cc: no input files
configure:2589: $? = 1
configure:2609: checking whether the C compiler works
configure:2631: cc    conftest.c  >&5
configure:2635: $? = 0
configure:2684: result: yes
configure:2687: checking for C compiler default output file name
configure:2689: result: a.out
configure:2695: checking for suffix of executables
configure:2702: cc -o conftest    conftest.c  >&5
configure:2706: $? = 0
configure:2728: result: 
configure:2750: checking whether we are cross compiling
configure:2758: cc -o conftest    conftest.c  >&5
configure:2762: $? = 0
configure:2769: ./conftest
configure:2773: $? = 0
configure:2788: result: no
configure:2793: checking for suffix of object files
configure:2815: cc -c   conftest.c >&5
configure:2819: $? = 0
configure:2840: result: o
configure:2844: checking whether we are using the GNU C compiler
configure:2863: cc -c   conftest.c >&5
configure:2863: $? = 0
configure:2872: result: yes
configure:2881: checking whether cc accepts -g
configure:2901: cc -c -g  conftest.c >&5
configure:2901: $? = 0
configure:2942: result: yes
configure:2959: checking for cc option to accept ISO C89
configure:3023: cc  -c -g -O2  conftest.c >&5
configure:3023: $? = 0
configure:3036: result: none needed
configure:3062: checking how to run the C preprocessor
configure:3093: cc -E  conftest.c
configure:3093: $? = 0
configure:3107: cc -E  conftest.c
conftest.c:9:28: error: ac_nonexistent.h: No such file or directory
configure:3107: $? = 1
configure: failed program was:
| /* confdefs.h */
| #define PACKAGE_NAME ""
| #define PACKAGE_TARNAME ""
| #define PACKAGE_VERSION ""
| #define PACKAGE_STRING ""
| #define PACKAGE_BUGREPORT ""
| #define PACKAGE_URL ""
| /* end confdefs.h.  */
| #include <ac_nonexistent.h>
configure:3132: result: cc -E
configure:3152: cc -E  conftest.c
configure:3152: $? = 0
configure:3166: cc -E  conftest.c
conftest.c:9:28: error: ac_nonexistent.h: No such file or directory
configure:3166: $? = 1
configure: failed program was:
| /* confdefs.h */
| #define PACKAGE_NAME ""
| #define PACKAGE_TARNAME ""
| #define PACKAGE_VERSION ""
| #define PACKAGE_STRING ""
| #define PACKAGE_BUGREPORT ""
| #define PACKAGE_URL ""
| /* end confdefs.h.  */
| #include <ac_nonexistent.h>
configure:3197: checking for icc
configure:3206: result: no
configure:3220: checking for suncc
configure:3229: result: no
configure:3247: checking whether cc understands -c and -o together
configure:3275: cc -c conftest.c -o conftest2.o >&5
configure:3279: $? = 0
configure:3285: cc -c conftest.c -o conftest2.o >&5
configure:3289: $? = 0
configure:3344: result: yes
configure:3358: checking for system library directory
configure:3376: result: lib
configure:3383: checking if compiler supports -R
configure:3402: cc -o conftest -g -O2   conftest.c -R /usr/lib  >&5
cc: unrecognized option '-R'
/usr/bin/ld: /usr/lib: No such file: File format not recognized
collect2: ld returned 1 exit status
configure:3402: $? = 1
configure: failed program was:
| /* confdefs.h */
| #define PACKAGE_NAME ""
| #define PACKAGE_TARNAME ""
| #define PACKAGE_VERSION ""
| #define PACKAGE_STRING ""
| #define PACKAGE_BUGREPORT ""
| #define PACKAGE_URL ""
| /* end confdefs.h.  */
| 
| int
| main ()
| {
| 
|   ;
|   return 0;
| }
configure:3412: result: no
configure:3417: checking if compiler supports -Wl,-rpath,
configure:3436: cc -o conftest -g -O2   conftest.c -Wl,-rpath,/usr/lib  >&5
configure:3436: $? = 0
configure:3446: result: yes
configure:3485: checking build system type
configure:3499: result: x86_64-unknown-linux-gnu
configure:3519: checking host system type
configure:3532: result: x86_64-unknown-linux-gnu
configure:3552: checking target system type
configure:3565: result: x86_64-unknown-linux-gnu
configure:3671: checking for PHP prefix
configure:3673: result: /usr
configure:3675: checking for PHP includes
configure:3677: result: -I/usr/include/php5 -I/usr/include/php5/main -I/usr/include/php5/TSRM -I/usr/include/php5/Zend -I/usr/include/php5/ext -I/usr/include/php5/ext/date/lib
configure:3679: checking for PHP extension directory
configure:3681: result: /usr/lib/php5/20090626
configure:3683: checking for PHP installed headers prefix
configure:3685: result: /usr/include/php5
configure:3688: checking if debug is enabled
configure:3714: result: no
configure:3717: checking if zts is enabled
configure:3743: result: no
configure:3817: checking for re2c
configure:3847: result: no
configure:3872: WARNING: You will need re2c 0.13.4 or later if you want to regenerate PHP parsers.
configure:3886: checking for gawk
configure:3903: found /usr/bin/gawk
configure:3914: result: gawk
configure:3962: checking whether to enable gtk support
configure:4004: result: yes, shared
configure:4346: checking for a sed that does not truncate output
configure:4410: result: /bin/sed
configure:4428: checking for fgrep
configure:4490: result: /bin/grep -F
configure:4525: checking for ld used by cc
configure:4592: result: /usr/bin/ld
configure:4599: checking if the linker (/usr/bin/ld) is GNU ld
configure:4614: result: yes
configure:4626: checking for BSD- or MS-compatible name lister (nm)
configure:4675: result: /usr/bin/nm -B
configure:4793: checking the name lister (/usr/bin/nm -B) interface
configure:4800: cc -c -g -O2  conftest.c >&5
configure:4803: /usr/bin/nm -B "conftest.o"
configure:4806: output
0000000000000000 B some_variable
configure:4813: result: BSD nm
configure:4816: checking whether ln -s works
configure:4823: result: no, using cp -p
configure:4828: checking the maximum length of command line arguments
configure:4948: result: 1572864
configure:4965: checking whether the shell understands some XSI constructs
configure:4975: result: yes
configure:4979: checking whether the shell understands "+="
configure:4985: result: yes
configure:5020: checking for /usr/bin/ld option to reload object files
configure:5027: result: -r
configure:5096: checking for objdump
configure:5112: found /usr/bin/objdump
configure:5123: result: objdump
configure:5155: checking how to recognize dependent libraries
configure:5351: result: pass_all
configure:5411: checking for ar
configure:5427: found /usr/bin/ar
configure:5438: result: ar
configure:5516: checking for strip
configure:5532: found /usr/bin/strip
configure:5543: result: strip
configure:5615: checking for ranlib
configure:5631: found /usr/bin/ranlib
configure:5642: result: ranlib
configure:5732: checking command to parse /usr/bin/nm -B output from cc object
configure:5850: cc -c -g -O2  conftest.c >&5
configure:5853: $? = 0
configure:5857: /usr/bin/nm -B conftest.o \| sed -n -e 's/^.*[	 ]\([ABCDGIRSTW][ABCDGIRSTW]*\)[	 ][	 ]*\([_A-Za-z][_A-Za-z0-9]*\)$/\1 \2 \2/p' \> conftest.nm
configure:5860: $? = 0
configure:5914: cc -o conftest -g -O2   conftest.c conftstm.o >&5
configure:5917: $? = 0
configure:5955: result: ok
configure:6050: cc -c -g -O2  conftest.c >&5
configure:6053: $? = 0
configure:6758: checking for ANSI C header files
configure:6778: cc -c -g -O2  conftest.c >&5
configure:6778: $? = 0
configure:6851: cc -o conftest -g -O2   conftest.c  >&5
configure:6851: $? = 0
configure:6851: ./conftest
configure:6851: $? = 0
configure:6862: result: yes
configure:6875: checking for sys/types.h
configure:6875: cc -c -g -O2  conftest.c >&5
configure:6875: $? = 0
configure:6875: result: yes
configure:6875: checking for sys/stat.h
configure:6875: cc -c -g -O2  conftest.c >&5
configure:6875: $? = 0
configure:6875: result: yes
configure:6875: checking for stdlib.h
configure:6875: cc -c -g -O2  conftest.c >&5
configure:6875: $? = 0
configure:6875: result: yes
configure:6875: checking for string.h
configure:6875: cc -c -g -O2  conftest.c >&5
configure:6875: $? = 0
configure:6875: result: yes
configure:6875: checking for memory.h
configure:6875: cc -c -g -O2  conftest.c >&5
configure:6875: $? = 0
configure:6875: result: yes
configure:6875: checking for strings.h
configure:6875: cc -c -g -O2  conftest.c >&5
configure:6875: $? = 0
configure:6875: result: yes
configure:6875: checking for inttypes.h
configure:6875: cc -c -g -O2  conftest.c >&5
configure:6875: $? = 0
configure:6875: result: yes
configure:6875: checking for stdint.h
configure:6875: cc -c -g -O2  conftest.c >&5
configure:6875: $? = 0
configure:6875: result: yes
configure:6875: checking for unistd.h
configure:6875: cc -c -g -O2  conftest.c >&5
configure:6875: $? = 0
configure:6875: result: yes
configure:6890: checking for dlfcn.h
configure:6890: cc -c -g -O2  conftest.c >&5
configure:6890: $? = 0
configure:6890: result: yes
configure:7074: checking for objdir
configure:7089: result: .libs
configure:7385: checking if cc supports -fno-rtti -fno-exceptions
configure:7403: cc -c -g -O2  -fno-rtti -fno-exceptions conftest.c >&5
cc1: warning: command line option "-fno-rtti" is valid for C++/ObjC++ but not for C
configure:7407: $? = 0
configure:7420: result: no
configure:7440: checking for cc option to produce PIC
configure:7712: result: -fPIC -DPIC
configure:7724: checking if cc PIC flag -fPIC -DPIC works
configure:7742: cc -c -g -O2  -fPIC -DPIC -DPIC conftest.c >&5
configure:7746: $? = 0
configure:7759: result: yes
configure:7783: checking if cc static flag -static works
configure:7811: result: yes
configure:7826: checking if cc supports -c -o file.o
configure:7847: cc -c -g -O2  -o out/conftest2.o conftest.c >&5
configure:7851: $? = 0
configure:7873: result: yes
configure:7881: checking if cc supports -c -o file.o
configure:7928: result: yes
configure:7961: checking whether the cc linker (/usr/bin/ld -m elf_x86_64) supports shared libraries
configure:8952: result: yes
configure:8989: checking whether -lc should be explicitly linked in
configure:8994: cc -c -g -O2  conftest.c >&5
configure:8997: $? = 0
configure:9012: cc -shared conftest.o  -v -Wl,-soname -Wl,conftest -o conftest 2\>\&1 \| /bin/grep  -lc  \>/dev/null 2\>\&1
configure:9015: $? = 0
configure:9027: result: no
configure:9191: checking dynamic linker characteristics
configure:9624: cc -o conftest -g -O2   -Wl,-rpath -Wl,/foo conftest.c  >&5
configure:9624: $? = 0
configure:9854: result: GNU/Linux ld.so
configure:9956: checking how to hardcode library paths into programs
configure:9981: result: immediate
configure:10501: checking whether stripping libraries is possible
configure:10506: result: yes
configure:10541: checking if libtool supports shared libraries
configure:10543: result: yes
configure:10546: checking whether to build shared libraries
configure:10567: result: yes
configure:10570: checking whether to build static libraries
configure:10574: result: no
configure:10836: creating ./config.status

## ---------------------- ##
## Running config.status. ##
## ---------------------- ##

This file was extended by config.status, which was
generated by GNU Autoconf 2.65.  Invocation command line was

  CONFIG_FILES    = 
  CONFIG_HEADERS  = 
  CONFIG_LINKS    = 
  CONFIG_COMMANDS = 
  $ ./config.status 

on php-dev-64

config.status:875: creating config.h
config.status:965: config.h is unchanged
config.status:979: executing libtool commands

## ---------------- ##
## Cache variables. ##
## ---------------- ##

ac_cv_build=x86_64-unknown-linux-gnu
ac_cv_c_compiler_gnu=yes
ac_cv_env_CC_set=
ac_cv_env_CC_value=
ac_cv_env_CFLAGS_set=
ac_cv_env_CFLAGS_value=
ac_cv_env_CPPFLAGS_set=
ac_cv_env_CPPFLAGS_value=
ac_cv_env_CPP_set=
ac_cv_env_CPP_value=
ac_cv_env_LDFLAGS_set=
ac_cv_env_LDFLAGS_value=
ac_cv_env_LIBS_set=
ac_cv_env_LIBS_value=
ac_cv_env_build_alias_set=
ac_cv_env_build_alias_value=
ac_cv_env_host_alias_set=
ac_cv_env_host_alias_value=
ac_cv_env_target_alias_set=
ac_cv_env_target_alias_value=
ac_cv_header_dlfcn_h=yes
ac_cv_header_inttypes_h=yes
ac_cv_header_memory_h=yes
ac_cv_header_stdc=yes
ac_cv_header_stdint_h=yes
ac_cv_header_stdlib_h=yes
ac_cv_header_string_h=yes
ac_cv_header_strings_h=yes
ac_cv_header_sys_stat_h=yes
ac_cv_header_sys_types_h=yes
ac_cv_header_unistd_h=yes
ac_cv_host=x86_64-unknown-linux-gnu
ac_cv_objext=o
ac_cv_path_EGREP='/bin/grep -E'
ac_cv_path_FGREP='/bin/grep -F'
ac_cv_path_GREP=/bin/grep
ac_cv_path_SED=/bin/sed
ac_cv_prog_AWK=gawk
ac_cv_prog_CPP='cc -E'
ac_cv_prog_ac_ct_AR=ar
ac_cv_prog_ac_ct_CC=cc
ac_cv_prog_ac_ct_OBJDUMP=objdump
ac_cv_prog_ac_ct_RANLIB=ranlib
ac_cv_prog_ac_ct_STRIP=strip
ac_cv_prog_cc_c89=
ac_cv_prog_cc_cc_c_o=yes
ac_cv_prog_cc_g=yes
ac_cv_target=x86_64-unknown-linux-gnu
lt_cv_deplibs_check_method=pass_all
lt_cv_file_magic_cmd='$MAGIC_CMD'
lt_cv_file_magic_test_file=
lt_cv_ld_reload_flag=-r
lt_cv_nm_interface='BSD nm'
lt_cv_objdir=.libs
lt_cv_path_LD=/usr/bin/ld
lt_cv_path_NM='/usr/bin/nm -B'
lt_cv_prog_compiler_c_o=yes
lt_cv_prog_compiler_pic_works=yes
lt_cv_prog_compiler_rtti_exceptions=no
lt_cv_prog_compiler_static_works=yes
lt_cv_prog_gnu_ld=yes
lt_cv_sys_global_symbol_pipe='sed -n -e '\''s/^.*[	 ]\([ABCDGIRSTW][ABCDGIRSTW]*\)[	 ][	 ]*\([_A-Za-z][_A-Za-z0-9]*\)$/\1 \2 \2/p'\'''
lt_cv_sys_global_symbol_to_c_name_address='sed -n -e '\''s/^: \([^ ]*\) $/  {\"\1\", (void *) 0},/p'\'' -e '\''s/^[ABCDGIRSTW]* \([^ ]*\) \([^ ]*\)$/  {"\2", (void *) \&\2},/p'\'''
lt_cv_sys_global_symbol_to_c_name_address_lib_prefix='sed -n -e '\''s/^: \([^ ]*\) $/  {\"\1\", (void *) 0},/p'\'' -e '\''s/^[ABCDGIRSTW]* \([^ ]*\) \(lib[^ ]*\)$/  {"\2", (void *) \&\2},/p'\'' -e '\''s/^[ABCDGIRSTW]* \([^ ]*\) \([^ ]*\)$/  {"lib\2", (void *) \&\2},/p'\'''
lt_cv_sys_global_symbol_to_cdecl='sed -n -e '\''s/^T .* \(.*\)$/extern int \1();/p'\'' -e '\''s/^[ABCDGIRSTW]* .* \(.*\)$/extern char \1;/p'\'''
lt_cv_sys_max_cmd_len=1572864
php_cv_cc_dashr=no
php_cv_cc_rpath=yes

## ----------------- ##
## Output variables. ##
## ----------------- ##

AR='ar'
AWK='gawk'
CC='cc'
CFLAGS='-g -O2'
CONFIGURE_COMMAND=' '\''./configure'\'' '
CONFIGURE_OPTIONS=''
CPP='cc -E'
CPPFLAGS=' -DHAVE_CONFIG_H'
DEFS='-DHAVE_CONFIG_H'
DSYMUTIL=''
DUMPBIN=''
ECHO_C=''
ECHO_N='-n'
ECHO_T=''
EGREP='/bin/grep -E'
EXEEXT=''
FGREP='/bin/grep -F'
GREP='/bin/grep'
LD='/usr/bin/ld -m elf_x86_64'
LDFLAGS=''
LIBOBJS=''
LIBS=''
LIBTOOL='$(SHELL) $(top_builddir)/libtool'
LIPO=''
LN_S='cp -p'
LTLIBOBJS=''
NM='/usr/bin/nm -B'
NMEDIT=''
OBJDUMP='objdump'
OBJEXT='o'
OTOOL64=''
OTOOL=''
PACKAGE_BUGREPORT=''
PACKAGE_NAME=''
PACKAGE_STRING=''
PACKAGE_TARNAME=''
PACKAGE_URL=''
PACKAGE_VERSION=''
PATH_SEPARATOR=':'
RANLIB='ranlib'
RE2C='exit 0;'
SED='/bin/sed'
SHELL='/bin/bash'
SHLIB_DL_SUFFIX_NAME='so'
SHLIB_SUFFIX_NAME='so'
STRIP='strip'
ac_ct_CC='cc'
ac_ct_DUMPBIN=''
bindir='${exec_prefix}/bin'
build='x86_64-unknown-linux-gnu'
build_alias=''
build_cpu='x86_64'
build_os='linux-gnu'
build_vendor='unknown'
datadir='${datarootdir}'
datarootdir='${prefix}/share'
docdir='${datarootdir}/doc/${PACKAGE}'
dvidir='${docdir}'
exec_prefix='$(prefix)'
host='x86_64-unknown-linux-gnu'
host_alias='x86_64-unknown-linux-gnu'
host_cpu='x86_64'
host_os='linux-gnu'
host_vendor='unknown'
htmldir='${docdir}'
includedir='${prefix}/include'
infodir='${datarootdir}/info'
libdir='${exec_prefix}/lib'
libexecdir='${exec_prefix}/libexec'
localedir='${datarootdir}/locale'
localstatedir='${prefix}/var'
lt_ECHO='echo'
mandir='${datarootdir}/man'
oldincludedir='/usr/include'
pdfdir='${docdir}'
prefix='/usr'
program_transform_name='s,x,x,'
psdir='${docdir}'
sbindir='${exec_prefix}/sbin'
sharedstatedir='${prefix}/com'
sysconfdir='${prefix}/etc'
target='x86_64-unknown-linux-gnu'
target_alias=''
target_cpu='x86_64'
target_os='linux-gnu'
target_vendor='unknown'

## ----------- ##
## confdefs.h. ##
## ----------- ##

/* confdefs.h */
#define PACKAGE_NAME ""
#define PACKAGE_TARNAME ""
#define PACKAGE_VERSION ""
#define PACKAGE_STRING ""
#define PACKAGE_BUGREPORT ""
#define PACKAGE_URL ""
#define COMPILE_DL_GTK 1
#define STDC_HEADERS 1
#define HAVE_SYS_TYPES_H 1
#define HAVE_SYS_STAT_H 1
#define HAVE_STDLIB_H 1
#define HAVE_STRING_H 1
#define HAVE_MEMORY_H 1
#define HAVE_STRINGS_H 1
#define HAVE_INTTYPES_H 1
#define HAVE_STDINT_H 1
#define HAVE_UNISTD_H 1
#define HAVE_DLFCN_H 1
#define LT_OBJDIR ".libs/"

configure: exit 0
